<?xml version="1.0" encoding="utf-8"?>
<TestRun id="99f3a7b2-b90b-493a-b0fd-09750d10ce34" name="@MacBookPro 2025-11-28 22:13:05" xmlns="http://microsoft.com/schemas/VisualStudio/TeamTest/2010">
  <Times creation="2025-11-28T22:13:05.5278650+00:00" queuing="2025-11-28T22:13:05.5278650+00:00" start="2025-11-28T22:13:04.6437070+00:00" finish="2025-11-28T22:13:05.5305830+00:00" />
  <TestSettings name="default" id="724fba39-5183-468c-81eb-201ac682f35f">
    <Deployment runDeploymentRoot="_MacBookPro_2025-11-28_22_13_05" />
  </TestSettings>
  <Results>
    <UnitTestResult executionId="5e6a3bb4-f598-4e0f-a151-50b2abcaf731" testId="719cca51-42c3-19e7-1ce2-ce218c74644b" testName="ReadAsync_FireFoxJson" computerName="MacBookPro" duration="00:00:00.0922960" startTime="2025-11-28T22:13:05.2769650+00:00" endTime="2025-11-28T22:13:05.3691340+00:00" testType="13cdc9d9-ddb5-4fa4-a97d-d965ccfc6d4b" outcome="Passed" testListId="8c84fa94-04c1-424b-9868-57a2d4851a1d" relativeResultsDirectory="5e6a3bb4-f598-4e0f-a151-50b2abcaf731" />
    <UnitTestResult executionId="b0c5831a-e7df-4cab-b40c-6b2d948d97dd" testId="9b095d47-e622-64d0-7e5c-0b78297f0cf5" testName="ReadAsync_SmallJson" computerName="MacBookPro" duration="00:00:00.0134490" startTime="2025-11-28T22:13:05.4367200+00:00" endTime="2025-11-28T22:13:05.4501690+00:00" testType="13cdc9d9-ddb5-4fa4-a97d-d965ccfc6d4b" outcome="Passed" testListId="8c84fa94-04c1-424b-9868-57a2d4851a1d" relativeResultsDirectory="b0c5831a-e7df-4cab-b40c-6b2d948d97dd" />
    <UnitTestResult executionId="0895a52a-7089-4a2c-a12c-43e1ab6f0d3a" testId="929744d2-0ec3-3900-40b8-a027f3150f2b" testName="ReadAsync_LargeJson" computerName="MacBookPro" duration="00:00:00.0539970" startTime="2025-11-28T22:13:05.3826830+00:00" endTime="2025-11-28T22:13:05.4366800+00:00" testType="13cdc9d9-ddb5-4fa4-a97d-d965ccfc6d4b" outcome="Passed" testListId="8c84fa94-04c1-424b-9868-57a2d4851a1d" relativeResultsDirectory="0895a52a-7089-4a2c-a12c-43e1ab6f0d3a" />
  </Results>
  <TestDefinitions>
    <UnitTest name="ReadAsync_FireFoxJson" storage="/users/andrewmarkham/devroot/episerver/content security policy/src/tests/jhoose.security.reporting.tests/bin/release/net8.0/jhoose.security.reporting.tests.dll" id="719cca51-42c3-19e7-1ce2-ce218c74644b">
      <Execution id="5e6a3bb4-f598-4e0f-a151-50b2abcaf731" />
      <TestMethod codeBase="/Users/andrewmarkham/DevRoot/Episerver/Content Security Policy/src/Tests/Jhoose.Security.Reporting.Tests/bin/Release/net8.0/Jhoose.Security.Reporting.Tests.dll" adapterTypeName="executor://nunit3testexecutor/" className="Jhoose.Security.Reporting.Tests.ReportApiStreamReaderTests" name="ReadAsync_FireFoxJson" />
    </UnitTest>
    <UnitTest name="ReadAsync_LargeJson" storage="/users/andrewmarkham/devroot/episerver/content security policy/src/tests/jhoose.security.reporting.tests/bin/release/net8.0/jhoose.security.reporting.tests.dll" id="929744d2-0ec3-3900-40b8-a027f3150f2b">
      <Execution id="0895a52a-7089-4a2c-a12c-43e1ab6f0d3a" />
      <TestMethod codeBase="/Users/andrewmarkham/DevRoot/Episerver/Content Security Policy/src/Tests/Jhoose.Security.Reporting.Tests/bin/Release/net8.0/Jhoose.Security.Reporting.Tests.dll" adapterTypeName="executor://nunit3testexecutor/" className="Jhoose.Security.Reporting.Tests.ReportApiStreamReaderTests" name="ReadAsync_LargeJson" />
    </UnitTest>
    <UnitTest name="ReadAsync_SmallJson" storage="/users/andrewmarkham/devroot/episerver/content security policy/src/tests/jhoose.security.reporting.tests/bin/release/net8.0/jhoose.security.reporting.tests.dll" id="9b095d47-e622-64d0-7e5c-0b78297f0cf5">
      <Execution id="b0c5831a-e7df-4cab-b40c-6b2d948d97dd" />
      <TestMethod codeBase="/Users/andrewmarkham/DevRoot/Episerver/Content Security Policy/src/Tests/Jhoose.Security.Reporting.Tests/bin/Release/net8.0/Jhoose.Security.Reporting.Tests.dll" adapterTypeName="executor://nunit3testexecutor/" className="Jhoose.Security.Reporting.Tests.ReportApiStreamReaderTests" name="ReadAsync_SmallJson" />
    </UnitTest>
  </TestDefinitions>
  <TestEntries>
    <TestEntry testId="719cca51-42c3-19e7-1ce2-ce218c74644b" executionId="5e6a3bb4-f598-4e0f-a151-50b2abcaf731" testListId="8c84fa94-04c1-424b-9868-57a2d4851a1d" />
    <TestEntry testId="9b095d47-e622-64d0-7e5c-0b78297f0cf5" executionId="b0c5831a-e7df-4cab-b40c-6b2d948d97dd" testListId="8c84fa94-04c1-424b-9868-57a2d4851a1d" />
    <TestEntry testId="929744d2-0ec3-3900-40b8-a027f3150f2b" executionId="0895a52a-7089-4a2c-a12c-43e1ab6f0d3a" testListId="8c84fa94-04c1-424b-9868-57a2d4851a1d" />
  </TestEntries>
  <TestLists>
    <TestList name="Results Not in a List" id="8c84fa94-04c1-424b-9868-57a2d4851a1d" />
    <TestList name="All Loaded Results" id="19431567-8539-422a-85d7-44ee4e166bda" />
  </TestLists>
  <ResultSummary outcome="Completed">
    <Counters total="3" executed="3" passed="3" failed="0" error="0" timeout="0" aborted="0" inconclusive="0" passedButRunAborted="0" notRunnable="0" notExecuted="0" disconnected="0" warning="0" completed="0" inProgress="0" pending="0" />
    <Output>
      <StdOut>NUnit Adapter 5.0.0.0: Test execution started
Running all tests in /Users/andrewmarkham/DevRoot/Episerver/Content Security Policy/src/Tests/Jhoose.Security.Reporting.Tests/bin/Release/net8.0/Jhoose.Security.Reporting.Tests.dll
   NUnit3TestExecutor discovered 3 of 3 NUnit test cases using Current Discovery mode, Non-Explicit run
NUnit Adapter 5.0.0.0: Test execution complete
</StdOut>
    </Output>
  </ResultSummary>
</TestRun>